<?xml version="1.0" encoding="UTF-8"?>
<!-- Generated by org.testng.reporters.JUnitReportReporter -->
<testsuite skipped="0" hostname="LAPTOP-EEMLOJPU" name="tests.Travel_mmt_yatra_Test" tests="3" failures="0" timestamp="28 Mar 2020 08:33:42 GMT" time="66.193" errors="0">
  <testcase name="getPriceOfTheFirstFlight_mmt" time="44.726" classname="tests.Travel_mmt_yatra_Test"/>
  <testcase name="getPriceOfTheFirstFlight_yatra" time="20.805" classname="tests.Travel_mmt_yatra_Test"/>
  <testcase name="compareThePriceOfFlight_mmt_yatra" time="0.662" classname="tests.Travel_mmt_yatra_Test"/>
</testsuite> <!-- tests.Travel_mmt_yatra_Test -->
