<?xml version="1.0" encoding="UTF-8"?>
<!-- Generated by org.testng.reporters.JUnitReportReporter -->
<testsuite skipped="0" hostname="LAPTOP-EEMLOJPU" name="tests.Scenario1_Test" tests="3" failures="0" timestamp="28 Mar 2020 04:39:40 GMT" time="57.001" errors="0">
  <testcase name="scenario1" time="30.258" classname="tests.Scenario1_Test"/>
  <testcase name="scenario2" time="26.741" classname="tests.Scenario1_Test"/>
  <testcase name="scenario3" time="0.002" classname="tests.Scenario1_Test"/>
</testsuite> <!-- tests.Scenario1_Test -->
